0 info it worked if it ends with ok
1 verbose cli [ '/usr/bin/node', '/usr/bin/npm', 'i', 'coffee-script', '-g' ]
2 info using npm@2.15.11
3 info using node@v4.9.1
4 verbose install initial load of /usr/lib/package.json
5 verbose readDependencies loading dependencies from /usr/lib/package.json
6 silly cache add args [ 'coffee-script', null ]
7 verbose cache add spec coffee-script
8 silly cache add parsed spec Result {
8 silly cache add   raw: 'coffee-script',
8 silly cache add   scope: null,
8 silly cache add   name: 'coffee-script',
8 silly cache add   rawSpec: '',
8 silly cache add   spec: 'latest',
8 silly cache add   type: 'tag' }
9 silly addNamed coffee-script@latest
10 verbose addNamed "latest" is being treated as a dist-tag for coffee-script
11 info addNameTag [ 'coffee-script', 'latest' ]
12 silly mapToRegistry name coffee-script
13 silly mapToRegistry using default registry
14 silly mapToRegistry registry https://registry.npmjs.org/
15 silly mapToRegistry data Result {
15 silly mapToRegistry   raw: 'coffee-script',
15 silly mapToRegistry   scope: null,
15 silly mapToRegistry   name: 'coffee-script',
15 silly mapToRegistry   rawSpec: '',
15 silly mapToRegistry   spec: 'latest',
15 silly mapToRegistry   type: 'tag' }
16 silly mapToRegistry uri https://registry.npmjs.org/coffee-script
17 verbose addNameTag registry:https://registry.npmjs.org/coffee-script not in flight; fetching
18 verbose request uri https://registry.npmjs.org/coffee-script
19 verbose request no auth needed
20 info attempt registry request try #1 at 6:13:01 PM
21 verbose request id 6391417df92c9f08
22 verbose etag "5a975408-ef34"
23 verbose lastModified Thu, 1 Mar 2018 1:14:48 GMT
24 http request GET https://registry.npmjs.org/coffee-script
25 http 304 https://registry.npmjs.org/coffee-script
26 verbose headers { date: 'Thu, 10 May 2018 16:13:01 GMT',
26 verbose headers   via: '1.1 varnish',
26 verbose headers   'cache-control': 'max-age=300',
26 verbose headers   etag: '"5a975408-ef34"',
26 verbose headers   age: '112',
26 verbose headers   connection: 'keep-alive',
26 verbose headers   'x-served-by': 'cache-hhn1551-HHN',
26 verbose headers   'x-cache': 'HIT',
26 verbose headers   'x-cache-hits': '1',
26 verbose headers   'x-timer': 'S1525968782.723232,VS0,VE1',
26 verbose headers   vary: 'Accept-Encoding, Accept' }
27 silly get cb [ 304,
27 silly get   { date: 'Thu, 10 May 2018 16:13:01 GMT',
27 silly get     via: '1.1 varnish',
27 silly get     'cache-control': 'max-age=300',
27 silly get     etag: '"5a975408-ef34"',
27 silly get     age: '112',
27 silly get     connection: 'keep-alive',
27 silly get     'x-served-by': 'cache-hhn1551-HHN',
27 silly get     'x-cache': 'HIT',
27 silly get     'x-cache-hits': '1',
27 silly get     'x-timer': 'S1525968782.723232,VS0,VE1',
27 silly get     vary: 'Accept-Encoding, Accept' } ]
28 verbose etag https://registry.npmjs.org/coffee-script from cache
29 verbose get saving coffee-script to /home/mgs/.npm/registry.npmjs.org/coffee-script/.cache.json
30 verbose correctMkdir /home/mgs/.npm correctMkdir not in flight; initializing
31 silly addNameTag next cb for coffee-script with tag latest
32 silly addNamed coffee-script@1.12.7
33 verbose addNamed "1.12.7" is a plain semver version for coffee-script
34 warn deprecated coffee-script@1.12.7: CoffeeScript on NPM has moved to "coffeescript" (no hyphen)
35 silly cache afterAdd coffee-script@1.12.7
36 verbose afterAdd /home/mgs/.npm/coffee-script/1.12.7/package/package.json not in flight; writing
37 verbose correctMkdir /home/mgs/.npm correctMkdir not in flight; initializing
38 verbose afterAdd /home/mgs/.npm/coffee-script/1.12.7/package/package.json written
39 silly install resolved [ { name: 'coffee-script',
39 silly install resolved     description: 'Unfancy JavaScript',
39 silly install resolved     keywords: [ 'javascript', 'language', 'coffeescript', 'compiler' ],
39 silly install resolved     author: { name: 'Jeremy Ashkenas' },
39 silly install resolved     version: '1.12.7',
39 silly install resolved     license: 'MIT',
39 silly install resolved     engines: { node: '>=0.8.0' },
39 silly install resolved     directories: { lib: './lib/coffee-script' },
39 silly install resolved     main: './lib/coffee-script/coffee-script',
39 silly install resolved     bin: { coffee: './bin/coffee', cake: './bin/cake' },
39 silly install resolved     files: [ 'bin', 'lib', 'register.js', 'repl.js' ],
39 silly install resolved     scripts:
39 silly install resolved      { test: 'node ./bin/cake test',
39 silly install resolved        'test-harmony': 'node --harmony ./bin/cake test' },
39 silly install resolved     homepage: 'http://coffeescript.org',
39 silly install resolved     bugs: { url: 'https://github.com/jashkenas/coffeescript/issues' },
39 silly install resolved     repository:
39 silly install resolved      { type: 'git',
39 silly install resolved        url: 'git://github.com/jashkenas/coffeescript.git' },
39 silly install resolved     devDependencies:
39 silly install resolved      { docco: '~0.7.0',
39 silly install resolved        'google-closure-compiler-js': '^20170626.0.0',
39 silly install resolved        'highlight.js': '~9.12.0',
39 silly install resolved        jison: '>=0.4.17',
39 silly install resolved        'markdown-it': '^8.3.1',
39 silly install resolved        underscore: '~1.8.3' },
39 silly install resolved     gitHead: '492111ccfb9b703b49a443c1aa68fb41dc8a2271',
39 silly install resolved     _id: 'coffee-script@1.12.7',
39 silly install resolved     _npmVersion: '5.0.3',
39 silly install resolved     _nodeVersion: '8.1.4',
39 silly install resolved     _npmUser:
39 silly install resolved      { name: 'geoffreybooth',
39 silly install resolved        email: 'computing+npm@geoffreybooth.com' },
39 silly install resolved     dist:
39 silly install resolved      { integrity: 'sha512-fLeEhqwymYat/MpTPUjSKHVYYl0ec2mOyALEMLmzr5i1isuG+6jfI2j2d5oBO3VIzgUXgBVIcOT9uH1TFxBckw==',
39 silly install resolved        shasum: 'c05dae0cb79591d05b3070a8433a98c9a89ccc53',
39 silly install resolved        tarball: 'https://registry.npmjs.org/coffee-script/-/coffee-script-1.12.7.tgz' },
39 silly install resolved     maintainers: [ [Object], [Object], [Object], [Object] ],
39 silly install resolved     _npmOperationalInternal:
39 silly install resolved      { host: 's3://npm-registry-packages',
39 silly install resolved        tmp: 'tmp/coffee-script-1.12.7.tgz_1500274516132_0.5810487973503768' },
39 silly install resolved     deprecated: 'CoffeeScript on NPM has moved to "coffeescript" (no hyphen)',
39 silly install resolved     _shasum: 'c05dae0cb79591d05b3070a8433a98c9a89ccc53',
39 silly install resolved     _resolved: 'https://registry.npmjs.org/coffee-script/-/coffee-script-1.12.7.tgz',
39 silly install resolved     _from: 'coffee-script@latest',
39 silly install resolved     readme: 'ERROR: No README data found!' } ]
40 info install coffee-script@1.12.7 into /usr/lib
41 info installOne coffee-script@1.12.7
42 verbose installOne of coffee-script to /usr/lib not in flight; installing
43 verbose correctMkdir /home/mgs/.npm/_locks correctMkdir not in flight; initializing
44 verbose lock using /home/mgs/.npm/_locks/coffee-script-f1142e4d2069858a.lock for /usr/lib/node_modules/coffee-script
45 silly install write writing coffee-script 1.12.7 to /usr/lib/node_modules/coffee-script
46 verbose unbuild lib/node_modules/coffee-script
47 silly gentlyRm /usr/lib/node_modules/coffee-script is being purged from base /usr
48 verbose gentlyRm don't care about contents; nuking /usr/lib/node_modules/coffee-script
49 verbose tar unpack /home/mgs/.npm/coffee-script/1.12.7/package.tgz
50 verbose tar unpacking to /usr/lib/node_modules/coffee-script
51 silly gentlyRm /usr/lib/node_modules/coffee-script is being purged
52 verbose gentlyRm don't care about contents; nuking /usr/lib/node_modules/coffee-script
53 silly gunzTarPerm modes [ '775', '664' ]
54 error tar.unpack untar error /home/mgs/.npm/coffee-script/1.12.7/package.tgz
55 verbose unlock done using /home/mgs/.npm/_locks/coffee-script-f1142e4d2069858a.lock for /usr/lib/node_modules/coffee-script
56 verbose fstream_path /usr/lib/node_modules/coffee-script
57 verbose fstream_type Directory
58 verbose fstream_class DirWriter
59 verbose stack Error: EACCES: permission denied, mkdir '/usr/lib/node_modules/coffee-script'
59 verbose stack     at Error (native)
60 verbose fstream_stack /usr/lib/node_modules/npm/node_modules/fstream/lib/dir-writer.js:35:25
60 verbose fstream_stack /usr/lib/node_modules/npm/node_modules/mkdirp/index.js:47:53
60 verbose fstream_stack FSReqWrap.oncomplete (fs.js:82:15)
61 verbose cwd /home/mgs/chat_task
62 error Linux 4.4.0-121-generic
63 error argv "/usr/bin/node" "/usr/bin/npm" "i" "coffee-script" "-g"
64 error node v4.9.1
65 error npm  v2.15.11
66 error path /usr/lib/node_modules/coffee-script
67 error code EACCES
68 error errno -13
69 error syscall mkdir
70 error Error: EACCES: permission denied, mkdir '/usr/lib/node_modules/coffee-script'
70 error     at Error (native)
70 error  { [Error: EACCES: permission denied, mkdir '/usr/lib/node_modules/coffee-script']
70 error   errno: -13,
70 error   code: 'EACCES',
70 error   syscall: 'mkdir',
70 error   path: '/usr/lib/node_modules/coffee-script',
70 error   fstream_type: 'Directory',
70 error   fstream_path: '/usr/lib/node_modules/coffee-script',
70 error   fstream_class: 'DirWriter',
70 error   fstream_stack:
70 error    [ '/usr/lib/node_modules/npm/node_modules/fstream/lib/dir-writer.js:35:25',
70 error      '/usr/lib/node_modules/npm/node_modules/mkdirp/index.js:47:53',
70 error      'FSReqWrap.oncomplete (fs.js:82:15)' ] }
71 error Please try running this command again as root/Administrator.
72 verbose exit [ -13, true ]
73 verbose unbuild lib/node_modules/coffee-script
74 silly gentlyRm /usr/lib/node_modules/coffee-script is being purged from base /usr
75 verbose gentlyRm don't care about contents; nuking /usr/lib/node_modules/coffee-script
